2026-01-13 17:20:33 - INFO - Steuer-Automatisierung initialisiert
2026-01-13 17:20:33 - INFO - ðŸš€ Steuer-Automatisierung gestartet
2026-01-13 17:20:33 - INFO - ============================================================
2026-01-13 17:20:33 - INFO - SCHRITT 1: Amazon Rechnungen herunterladen
2026-01-13 17:20:33 - INFO - ============================================================
2026-01-13 17:20:33 - ERROR - âœ— Amazon Download fehlgeschlagen: Amazon Config nicht gefunden: amazon_config.yaml
Erstelle die Datei unter amazon_config.yaml
2026-01-13 17:20:33 - INFO - ============================================================
2026-01-13 17:20:33 - INFO - SCHRITT 2: PDFs verarbeiten
2026-01-13 17:20:33 - INFO - ============================================================
2026-01-13 17:20:33 - INFO - Keine neuen Amazon-Rechnungen gefunden
2026-01-13 17:20:33 - WARNING - Keine neuen PDFs gefunden
2026-01-13 17:20:33 - INFO - ============================================================
2026-01-13 17:20:33 - INFO - SCHRITT 3: AufrÃ¤umen
2026-01-13 17:20:33 - INFO - ============================================================
2026-01-13 17:20:33 - INFO - âœ“ AufrÃ¤umen abgeschlossen
2026-01-13 17:20:33 - INFO - ============================================================
2026-01-13 17:20:33 - INFO - SCHRITT 4: Benachrichtigung
2026-01-13 17:20:33 - INFO - ============================================================
2026-01-13 17:20:33 - INFO - Benachrichtigungen deaktiviert
2026-01-13 17:20:33 - INFO - âœ“ Benachrichtigung gesendet
2026-01-13 17:20:33 - INFO - ============================================================
2026-01-13 17:20:33 - INFO - ZUSAMMENFASSUNG
2026-01-13 17:20:33 - INFO - ============================================================
2026-01-13 17:20:33 - INFO - Amazon Downloads:     0
2026-01-13 17:20:33 - INFO - PDFs verarbeitet:     0
2026-01-13 17:20:33 - INFO - BetrÃ¤ge erkannt:      0
2026-01-13 17:20:33 - INFO - Ohne Betrag:          0
2026-01-13 17:20:33 - INFO - Fehler:               1
2026-01-13 17:20:33 - INFO - Dauer:                0s
2026-01-13 17:20:33 - INFO - ============================================================
2026-01-13 17:20:33 - INFO - âœ“ Steuer-Automatisierung abgeschlossen
2026-01-13 17:31:45 - INFO - Steuer-Automatisierung initialisiert
2026-01-13 17:31:45 - INFO - ðŸš€ Steuer-Automatisierung gestartet
2026-01-13 17:31:45 - INFO - ============================================================
2026-01-13 17:31:45 - INFO - SCHRITT 1: Amazon Rechnungen herunterladen
2026-01-13 17:31:45 - INFO - ============================================================
2026-01-13 17:31:45 - INFO - Starte Amazon Download...
2026-01-13 17:38:49 - INFO - Steuer-Automatisierung initialisiert
2026-01-13 17:38:49 - INFO - ðŸš€ Steuer-Automatisierung gestartet
2026-01-13 17:38:49 - INFO - ============================================================
2026-01-13 17:38:49 - INFO - SCHRITT 1: Amazon Rechnungen herunterladen
2026-01-13 17:38:49 - INFO - ============================================================
2026-01-13 17:38:49 - INFO - Starte Amazon Download...
2026-01-13 17:41:15 - INFO - Steuer-Automatisierung initialisiert
2026-01-13 17:41:15 - INFO - ðŸš€ Steuer-Automatisierung gestartet
2026-01-13 17:41:15 - INFO - ============================================================
2026-01-13 17:41:15 - INFO - SCHRITT 1: Amazon Rechnungen herunterladen
2026-01-13 17:41:15 - INFO - ============================================================
2026-01-13 17:41:15 - INFO - Starte Amazon Download...
2026-01-13 17:41:16 - ERROR - Amazon Download fehlgeschlagen: Traceback (most recent call last):
  File "/home/y/Dokumente/vsCode/API - Amazon Selenium/v7/files/amazon_invoice_downloader.py", line 286, in <module>
    main()
    ~~~~^^
  File "/home/y/Dokumente/vsCode/API - Amazon Selenium/v7/files/amazon_invoice_downloader.py", line 283, in main
    downloader.download_all(year=args.year)
    ~~~~~~~~~~~~~~~~~~~~~~~^^^^^^^^^^^^^^^^
  File "/home/y/Dokumente/vsCode/API - Amazon Selenium/v7/files/amazon_invoice_downloader.py", line 193, in download_all
    self.setup_driver()
    ~~~~~~~~~~~~~~~~~^^
  File "/home/y/Dokumente/vsCode/API - Amazon Selenium/v7/files/amazon_invoice_downloader.py", line 66, in setup_driver
    self.driver = webdriver.Chrome(options=options)
                  ~~~~~~~~~~~~~~~~^^^^^^^^^^^^^^^^^
  File "/home/y/Dokumente/vsCode/API - Amazon Selenium/venv/lib/python3.13/site-packages/selenium/webdriver/chrome/webdriver.py", line 46, in __init__
    super().__init__(
    ~~~~~~~~~~~~~~~~^
        browser_name=DesiredCapabilities.CHROME["browserName"],
        ^^^^^^^^^^^^^^^^^^^^^^^^^^^^^^^^^^^^^^^^^^^^^^^^^^^^^^^
    ...<3 lines>...
        keep_alive=keep_alive,
        ^^^^^^^^^^^^^^^^^^^^^^
    )
    ^
  File "/home/y/Dokumente/vsCode/API - Amazon Selenium/venv/lib/python3.13/site-packages/selenium/webdriver/chromium/webdriver.py", line 67, in __init__
    super().__init__(command_executor=executor, options=options)
    ~~~~~~~~~~~~~~~~^^^^^^^^^^^^^^^^^^^^^^^^^^^^^^^^^^^^^^^^^^^^
  File "/home/y/Dokumente/vsCode/API - Amazon Selenium/venv/lib/python3.13/site-packages/selenium/webdriver/remote/webdriver.py", line 257, in __init__
    self.start_session(capabilities)
    ~~~~~~~~~~~~~~~~~~^^^^^^^^^^^^^^
  File "/home/y/Dokumente/vsCode/API - Amazon Selenium/venv/lib/python3.13/site-packages/selenium/webdriver/remote/webdriver.py", line 352, in start_session
    response = self.execute(Command.NEW_SESSION, caps)["value"]
               ~~~~~~~~~~~~^^^^^^^^^^^^^^^^^^^^^^^^^^^
  File "/home/y/Dokumente/vsCode/API - Amazon Selenium/venv/lib/python3.13/site-packages/selenium/webdriver/remote/webdriver.py", line 432, in execute
    self.error_handler.check_response(response)
    ~~~~~~~~~~~~~~~~~~~~~~~~~~~~~~~~~^^^^^^^^^^
  File "/home/y/Dokumente/vsCode/API - Amazon Selenium/venv/lib/python3.13/site-packages/selenium/webdriver/remote/errorhandler.py", line 232, in check_response
    raise exception_class(message, screen, stacktrace)
selenium.common.exceptions.SessionNotCreatedException: Message: session not created: Chrome instance exited. Examine ChromeDriver verbose log to determine the cause.; For documentation on this error, please visit: https://www.selenium.dev/documentation/webdriver/troubleshooting/errors#sessionnotcreatedexception
Stacktrace:
#0 0x5614e92dbf5f <unknown>
#1 0x5614e8cb25a6 <unknown>
#2 0x5614e8cf4389 <unknown>
#3 0x5614e8ceda34 <unknown>
#4 0x5614e8d463a4 <unknown>
#5 0x5614e8d459a3 <unknown>
#6 0x5614e8d35ac3 <unknown>
#7 0x5614e8cfd1b8 <unknown>
#8 0x5614e8cfe2c2 <unknown>
#9 0x5614e92a55db <unknown>
#10 0x5614e92a8a3f <unknown>
#11 0x5614e92a8471 <unknown>
#12 0x5614e92a8f35 <unknown>
#13 0x5614e929142f <unknown>
#14 0x5614e92a932c <unknown>
#15 0x5614e9278586 <unknown>
#16 0x5614e92c7b47 <unknown>
#17 0x5614e92c7d9d <unknown>
#18 0x5614e92db36c <unknown>
#19 0x7ff9c7ca87f6 <unknown>


2026-01-13 17:41:16 - ERROR - Amazon Download Fehler: Amazon Download fehlgeschlagen: Traceback (most recent call last):
  File "/home/y/Dokumente/vsCode/API - Amazon Selenium/v7/files/amazon_invoice_downloader.py", line 286, in <module>
    main()
    ~~~~^^
  File "/home/y/Dokumente/vsCode/API - Amazon Selenium/v7/files/amazon_invoice_downloader.py", line 283, in main
    downloader.download_all(year=args.year)
    ~~~~~~~~~~~~~~~~~~~~~~~^^^^^^^^^^^^^^^^
  File "/home/y/Dokumente/vsCode/API - Amazon Selenium/v7/files/amazon_invoice_downloader.py", line 193, in download_all
    self.setup_driver()
    ~~~~~~~~~~~~~~~~~^^
  File "/home/y/Dokumente/vsCode/API - Amazon Selenium/v7/files/amazon_invoice_downloader.py", line 66, in setup_driver
    self.driver = webdriver.Chrome(options=options)
                  ~~~~~~~~~~~~~~~~^^^^^^^^^^^^^^^^^
  File "/home/y/Dokumente/vsCode/API - Amazon Selenium/venv/lib/python3.13/site-packages/selenium/webdriver/chrome/webdriver.py", line 46, in __init__
    super().__init__(
    ~~~~~~~~~~~~~~~~^
        browser_name=DesiredCapabilities.CHROME["browserName"],
        ^^^^^^^^^^^^^^^^^^^^^^^^^^^^^^^^^^^^^^^^^^^^^^^^^^^^^^^
    ...<3 lines>...
        keep_alive=keep_alive,
        ^^^^^^^^^^^^^^^^^^^^^^
    )
    ^
  File "/home/y/Dokumente/vsCode/API - Amazon Selenium/venv/lib/python3.13/site-packages/selenium/webdriver/chromium/webdriver.py", line 67, in __init__
    super().__init__(command_executor=executor, options=options)
    ~~~~~~~~~~~~~~~~^^^^^^^^^^^^^^^^^^^^^^^^^^^^^^^^^^^^^^^^^^^^
  File "/home/y/Dokumente/vsCode/API - Amazon Selenium/venv/lib/python3.13/site-packages/selenium/webdriver/remote/webdriver.py", line 257, in __init__
    self.start_session(capabilities)
    ~~~~~~~~~~~~~~~~~~^^^^^^^^^^^^^^
  File "/home/y/Dokumente/vsCode/API - Amazon Selenium/venv/lib/python3.13/site-packages/selenium/webdriver/remote/webdriver.py", line 352, in start_session
    response = self.execute(Command.NEW_SESSION, caps)["value"]
               ~~~~~~~~~~~~^^^^^^^^^^^^^^^^^^^^^^^^^^^
  File "/home/y/Dokumente/vsCode/API - Amazon Selenium/venv/lib/python3.13/site-packages/selenium/webdriver/remote/webdriver.py", line 432, in execute
    self.error_handler.check_response(response)
    ~~~~~~~~~~~~~~~~~~~~~~~~~~~~~~~~~^^^^^^^^^^
  File "/home/y/Dokumente/vsCode/API - Amazon Selenium/venv/lib/python3.13/site-packages/selenium/webdriver/remote/errorhandler.py", line 232, in check_response
    raise exception_class(message, screen, stacktrace)
selenium.common.exceptions.SessionNotCreatedException: Message: session not created: Chrome instance exited. Examine ChromeDriver verbose log to determine the cause.; For documentation on this error, please visit: https://www.selenium.dev/documentation/webdriver/troubleshooting/errors#sessionnotcreatedexception
Stacktrace:
#0 0x5614e92dbf5f <unknown>
#1 0x5614e8cb25a6 <unknown>
#2 0x5614e8cf4389 <unknown>
#3 0x5614e8ceda34 <unknown>
#4 0x5614e8d463a4 <unknown>
#5 0x5614e8d459a3 <unknown>
#6 0x5614e8d35ac3 <unknown>
#7 0x5614e8cfd1b8 <unknown>
#8 0x5614e8cfe2c2 <unknown>
#9 0x5614e92a55db <unknown>
#10 0x5614e92a8a3f <unknown>
#11 0x5614e92a8471 <unknown>
#12 0x5614e92a8f35 <unknown>
#13 0x5614e929142f <unknown>
#14 0x5614e92a932c <unknown>
#15 0x5614e9278586 <unknown>
#16 0x5614e92c7b47 <unknown>
#17 0x5614e92c7d9d <unknown>
#18 0x5614e92db36c <unknown>
#19 0x7ff9c7ca87f6 <unknown>


2026-01-13 17:41:16 - ERROR - âœ— Amazon Download fehlgeschlagen: Amazon Download fehlgeschlagen: Traceback (most recent call last):
  File "/home/y/Dokumente/vsCode/API - Amazon Selenium/v7/files/amazon_invoice_downloader.py", line 286, in <module>
    main()
    ~~~~^^
  File "/home/y/Dokumente/vsCode/API - Amazon Selenium/v7/files/amazon_invoice_downloader.py", line 283, in main
    downloader.download_all(year=args.year)
    ~~~~~~~~~~~~~~~~~~~~~~~^^^^^^^^^^^^^^^^
  File "/home/y/Dokumente/vsCode/API - Amazon Selenium/v7/files/amazon_invoice_downloader.py", line 193, in download_all
    self.setup_driver()
    ~~~~~~~~~~~~~~~~~^^
  File "/home/y/Dokumente/vsCode/API - Amazon Selenium/v7/files/amazon_invoice_downloader.py", line 66, in setup_driver
    self.driver = webdriver.Chrome(options=options)
                  ~~~~~~~~~~~~~~~~^^^^^^^^^^^^^^^^^
  File "/home/y/Dokumente/vsCode/API - Amazon Selenium/venv/lib/python3.13/site-packages/selenium/webdriver/chrome/webdriver.py", line 46, in __init__
    super().__init__(
    ~~~~~~~~~~~~~~~~^
        browser_name=DesiredCapabilities.CHROME["browserName"],
        ^^^^^^^^^^^^^^^^^^^^^^^^^^^^^^^^^^^^^^^^^^^^^^^^^^^^^^^
    ...<3 lines>...
        keep_alive=keep_alive,
        ^^^^^^^^^^^^^^^^^^^^^^
    )
    ^
  File "/home/y/Dokumente/vsCode/API - Amazon Selenium/venv/lib/python3.13/site-packages/selenium/webdriver/chromium/webdriver.py", line 67, in __init__
    super().__init__(command_executor=executor, options=options)
    ~~~~~~~~~~~~~~~~^^^^^^^^^^^^^^^^^^^^^^^^^^^^^^^^^^^^^^^^^^^^
  File "/home/y/Dokumente/vsCode/API - Amazon Selenium/venv/lib/python3.13/site-packages/selenium/webdriver/remote/webdriver.py", line 257, in __init__
    self.start_session(capabilities)
    ~~~~~~~~~~~~~~~~~~^^^^^^^^^^^^^^
  File "/home/y/Dokumente/vsCode/API - Amazon Selenium/venv/lib/python3.13/site-packages/selenium/webdriver/remote/webdriver.py", line 352, in start_session
    response = self.execute(Command.NEW_SESSION, caps)["value"]
               ~~~~~~~~~~~~^^^^^^^^^^^^^^^^^^^^^^^^^^^
  File "/home/y/Dokumente/vsCode/API - Amazon Selenium/venv/lib/python3.13/site-packages/selenium/webdriver/remote/webdriver.py", line 432, in execute
    self.error_handler.check_response(response)
    ~~~~~~~~~~~~~~~~~~~~~~~~~~~~~~~~~^^^^^^^^^^
  File "/home/y/Dokumente/vsCode/API - Amazon Selenium/venv/lib/python3.13/site-packages/selenium/webdriver/remote/errorhandler.py", line 232, in check_response
    raise exception_class(message, screen, stacktrace)
selenium.common.exceptions.SessionNotCreatedException: Message: session not created: Chrome instance exited. Examine ChromeDriver verbose log to determine the cause.; For documentation on this error, please visit: https://www.selenium.dev/documentation/webdriver/troubleshooting/errors#sessionnotcreatedexception
Stacktrace:
#0 0x5614e92dbf5f <unknown>
#1 0x5614e8cb25a6 <unknown>
#2 0x5614e8cf4389 <unknown>
#3 0x5614e8ceda34 <unknown>
#4 0x5614e8d463a4 <unknown>
#5 0x5614e8d459a3 <unknown>
#6 0x5614e8d35ac3 <unknown>
#7 0x5614e8cfd1b8 <unknown>
#8 0x5614e8cfe2c2 <unknown>
#9 0x5614e92a55db <unknown>
#10 0x5614e92a8a3f <unknown>
#11 0x5614e92a8471 <unknown>
#12 0x5614e92a8f35 <unknown>
#13 0x5614e929142f <unknown>
#14 0x5614e92a932c <unknown>
#15 0x5614e9278586 <unknown>
#16 0x5614e92c7b47 <unknown>
#17 0x5614e92c7d9d <unknown>
#18 0x5614e92db36c <unknown>
#19 0x7ff9c7ca87f6 <unknown>


2026-01-13 17:41:16 - INFO - ============================================================
2026-01-13 17:41:16 - INFO - SCHRITT 2: PDFs verarbeiten
2026-01-13 17:41:16 - INFO - ============================================================
2026-01-13 17:41:16 - INFO - Keine neuen Amazon-Rechnungen gefunden
2026-01-13 17:41:16 - WARNING - Keine neuen PDFs gefunden
2026-01-13 17:41:16 - INFO - ============================================================
2026-01-13 17:41:16 - INFO - SCHRITT 3: AufrÃ¤umen
2026-01-13 17:41:16 - INFO - ============================================================
2026-01-13 17:41:16 - INFO - âœ“ AufrÃ¤umen abgeschlossen
2026-01-13 17:41:16 - INFO - ============================================================
2026-01-13 17:41:16 - INFO - SCHRITT 4: Benachrichtigung
2026-01-13 17:41:16 - INFO - ============================================================
2026-01-13 17:41:16 - INFO - Benachrichtigungen deaktiviert
2026-01-13 17:41:16 - INFO - âœ“ Benachrichtigung gesendet
2026-01-13 17:41:16 - INFO - ============================================================
2026-01-13 17:41:16 - INFO - ZUSAMMENFASSUNG
2026-01-13 17:41:16 - INFO - ============================================================
2026-01-13 17:41:16 - INFO - Amazon Downloads:     0
2026-01-13 17:41:16 - INFO - PDFs verarbeitet:     0
2026-01-13 17:41:16 - INFO - BetrÃ¤ge erkannt:      0
2026-01-13 17:41:16 - INFO - Ohne Betrag:          0
2026-01-13 17:41:16 - INFO - Fehler:               1
2026-01-13 17:41:16 - INFO - Dauer:                0s
2026-01-13 17:41:16 - INFO - ============================================================
2026-01-13 17:41:16 - INFO - âœ“ Steuer-Automatisierung abgeschlossen
2026-01-13 17:52:34 - INFO - Steuer-Automatisierung initialisiert
2026-01-13 17:52:34 - INFO - ðŸš€ Steuer-Automatisierung gestartet
2026-01-13 17:52:34 - INFO - ============================================================
2026-01-13 17:52:34 - INFO - SCHRITT 1: Amazon Rechnungen herunterladen
2026-01-13 17:52:34 - INFO - ============================================================
2026-01-13 17:52:34 - INFO - Starte Amazon Download...
2026-01-13 17:52:48 - ERROR - Amazon Download fehlgeschlagen: Traceback (most recent call last):
  File "/home/y/Dokumente/vsCode/API - Amazon Selenium/v7/files/amazon_invoice_downloader.py", line 294, in <module>
    main()
    ~~~~^^
  File "/home/y/Dokumente/vsCode/API - Amazon Selenium/v7/files/amazon_invoice_downloader.py", line 291, in main
    downloader.download_all(year=args.year)
    ~~~~~~~~~~~~~~~~~~~~~~~^^^^^^^^^^^^^^^^
  File "/home/y/Dokumente/vsCode/API - Amazon Selenium/v7/files/amazon_invoice_downloader.py", line 201, in download_all
    self.setup_driver()
    ~~~~~~~~~~~~~~~~~^^
  File "/home/y/Dokumente/vsCode/API - Amazon Selenium/v7/files/amazon_invoice_downloader.py", line 71, in setup_driver
    self.driver = webdriver.Chrome(service=service, options=options)
                  ~~~~~~~~~~~~~~~~^^^^^^^^^^^^^^^^^^^^^^^^^^^^^^^^^^
  File "/home/y/Dokumente/vsCode/API - Amazon Selenium/venv/lib/python3.13/site-packages/selenium/webdriver/chrome/webdriver.py", line 46, in __init__
    super().__init__(
    ~~~~~~~~~~~~~~~~^
        browser_name=DesiredCapabilities.CHROME["browserName"],
        ^^^^^^^^^^^^^^^^^^^^^^^^^^^^^^^^^^^^^^^^^^^^^^^^^^^^^^^
    ...<3 lines>...
        keep_alive=keep_alive,
        ^^^^^^^^^^^^^^^^^^^^^^
    )
    ^
  File "/home/y/Dokumente/vsCode/API - Amazon Selenium/venv/lib/python3.13/site-packages/selenium/webdriver/chromium/webdriver.py", line 67, in __init__
    super().__init__(command_executor=executor, options=options)
    ~~~~~~~~~~~~~~~~^^^^^^^^^^^^^^^^^^^^^^^^^^^^^^^^^^^^^^^^^^^^
  File "/home/y/Dokumente/vsCode/API - Amazon Selenium/venv/lib/python3.13/site-packages/selenium/webdriver/remote/webdriver.py", line 257, in __init__
    self.start_session(capabilities)
    ~~~~~~~~~~~~~~~~~~^^^^^^^^^^^^^^
  File "/home/y/Dokumente/vsCode/API - Amazon Selenium/venv/lib/python3.13/site-packages/selenium/webdriver/remote/webdriver.py", line 352, in start_session
    response = self.execute(Command.NEW_SESSION, caps)["value"]
               ~~~~~~~~~~~~^^^^^^^^^^^^^^^^^^^^^^^^^^^
  File "/home/y/Dokumente/vsCode/API - Amazon Selenium/venv/lib/python3.13/site-packages/selenium/webdriver/remote/webdriver.py", line 432, in execute
    self.error_handler.check_response(response)
    ~~~~~~~~~~~~~~~~~~~~~~~~~~~~~~~~~^^^^^^^^^^
  File "/home/y/Dokumente/vsCode/API - Amazon Selenium/venv/lib/python3.13/site-packages/selenium/webdriver/remote/errorhandler.py", line 232, in check_response
    raise exception_class(message, screen, stacktrace)
selenium.common.exceptions.WebDriverException: Message: unknown error: Chrome failed to start: exited abnormally.
  (unknown error: DevToolsActivePort file doesn't exist)
  (The process started from chrome location /usr/bin/brave is no longer running, so ChromeDriver is assuming that Chrome has crashed.)
Stacktrace:
#0 0x55ee598db4e3 <unknown>
#1 0x55ee5960ac76 <unknown>
#2 0x55ee59633d78 <unknown>
#3 0x55ee59630029 <unknown>
#4 0x55ee5966eccc <unknown>
#5 0x55ee5966e47f <unknown>
#6 0x55ee59665de3 <unknown>
#7 0x55ee5963b2dd <unknown>
#8 0x55ee5963c34e <unknown>
#9 0x55ee5989b3e4 <unknown>
#10 0x55ee5989f3d7 <unknown>
#11 0x55ee598a9b20 <unknown>
#12 0x55ee598a0023 <unknown>
#13 0x55ee5986e1aa <unknown>
#14 0x55ee598c46b8 <unknown>
#15 0x55ee598c4847 <unknown>
#16 0x55ee598d4243 <unknown>
#17 0x7fa7552a87f6 <unknown>


2026-01-13 17:52:48 - ERROR - Amazon Download Fehler: Amazon Download fehlgeschlagen: Traceback (most recent call last):
  File "/home/y/Dokumente/vsCode/API - Amazon Selenium/v7/files/amazon_invoice_downloader.py", line 294, in <module>
    main()
    ~~~~^^
  File "/home/y/Dokumente/vsCode/API - Amazon Selenium/v7/files/amazon_invoice_downloader.py", line 291, in main
    downloader.download_all(year=args.year)
    ~~~~~~~~~~~~~~~~~~~~~~~^^^^^^^^^^^^^^^^
  File "/home/y/Dokumente/vsCode/API - Amazon Selenium/v7/files/amazon_invoice_downloader.py", line 201, in download_all
    self.setup_driver()
    ~~~~~~~~~~~~~~~~~^^
  File "/home/y/Dokumente/vsCode/API - Amazon Selenium/v7/files/amazon_invoice_downloader.py", line 71, in setup_driver
    self.driver = webdriver.Chrome(service=service, options=options)
                  ~~~~~~~~~~~~~~~~^^^^^^^^^^^^^^^^^^^^^^^^^^^^^^^^^^
  File "/home/y/Dokumente/vsCode/API - Amazon Selenium/venv/lib/python3.13/site-packages/selenium/webdriver/chrome/webdriver.py", line 46, in __init__
    super().__init__(
    ~~~~~~~~~~~~~~~~^
        browser_name=DesiredCapabilities.CHROME["browserName"],
        ^^^^^^^^^^^^^^^^^^^^^^^^^^^^^^^^^^^^^^^^^^^^^^^^^^^^^^^
    ...<3 lines>...
        keep_alive=keep_alive,
        ^^^^^^^^^^^^^^^^^^^^^^
    )
    ^
  File "/home/y/Dokumente/vsCode/API - Amazon Selenium/venv/lib/python3.13/site-packages/selenium/webdriver/chromium/webdriver.py", line 67, in __init__
    super().__init__(command_executor=executor, options=options)
    ~~~~~~~~~~~~~~~~^^^^^^^^^^^^^^^^^^^^^^^^^^^^^^^^^^^^^^^^^^^^
  File "/home/y/Dokumente/vsCode/API - Amazon Selenium/venv/lib/python3.13/site-packages/selenium/webdriver/remote/webdriver.py", line 257, in __init__
    self.start_session(capabilities)
    ~~~~~~~~~~~~~~~~~~^^^^^^^^^^^^^^
  File "/home/y/Dokumente/vsCode/API - Amazon Selenium/venv/lib/python3.13/site-packages/selenium/webdriver/remote/webdriver.py", line 352, in start_session
    response = self.execute(Command.NEW_SESSION, caps)["value"]
               ~~~~~~~~~~~~^^^^^^^^^^^^^^^^^^^^^^^^^^^
  File "/home/y/Dokumente/vsCode/API - Amazon Selenium/venv/lib/python3.13/site-packages/selenium/webdriver/remote/webdriver.py", line 432, in execute
    self.error_handler.check_response(response)
    ~~~~~~~~~~~~~~~~~~~~~~~~~~~~~~~~~^^^^^^^^^^
  File "/home/y/Dokumente/vsCode/API - Amazon Selenium/venv/lib/python3.13/site-packages/selenium/webdriver/remote/errorhandler.py", line 232, in check_response
    raise exception_class(message, screen, stacktrace)
selenium.common.exceptions.WebDriverException: Message: unknown error: Chrome failed to start: exited abnormally.
  (unknown error: DevToolsActivePort file doesn't exist)
  (The process started from chrome location /usr/bin/brave is no longer running, so ChromeDriver is assuming that Chrome has crashed.)
Stacktrace:
#0 0x55ee598db4e3 <unknown>
#1 0x55ee5960ac76 <unknown>
#2 0x55ee59633d78 <unknown>
#3 0x55ee59630029 <unknown>
#4 0x55ee5966eccc <unknown>
#5 0x55ee5966e47f <unknown>
#6 0x55ee59665de3 <unknown>
#7 0x55ee5963b2dd <unknown>
#8 0x55ee5963c34e <unknown>
#9 0x55ee5989b3e4 <unknown>
#10 0x55ee5989f3d7 <unknown>
#11 0x55ee598a9b20 <unknown>
#12 0x55ee598a0023 <unknown>
#13 0x55ee5986e1aa <unknown>
#14 0x55ee598c46b8 <unknown>
#15 0x55ee598c4847 <unknown>
#16 0x55ee598d4243 <unknown>
#17 0x7fa7552a87f6 <unknown>


2026-01-13 17:52:48 - ERROR - âœ— Amazon Download fehlgeschlagen: Amazon Download fehlgeschlagen: Traceback (most recent call last):
  File "/home/y/Dokumente/vsCode/API - Amazon Selenium/v7/files/amazon_invoice_downloader.py", line 294, in <module>
    main()
    ~~~~^^
  File "/home/y/Dokumente/vsCode/API - Amazon Selenium/v7/files/amazon_invoice_downloader.py", line 291, in main
    downloader.download_all(year=args.year)
    ~~~~~~~~~~~~~~~~~~~~~~~^^^^^^^^^^^^^^^^
  File "/home/y/Dokumente/vsCode/API - Amazon Selenium/v7/files/amazon_invoice_downloader.py", line 201, in download_all
    self.setup_driver()
    ~~~~~~~~~~~~~~~~~^^
  File "/home/y/Dokumente/vsCode/API - Amazon Selenium/v7/files/amazon_invoice_downloader.py", line 71, in setup_driver
    self.driver = webdriver.Chrome(service=service, options=options)
                  ~~~~~~~~~~~~~~~~^^^^^^^^^^^^^^^^^^^^^^^^^^^^^^^^^^
  File "/home/y/Dokumente/vsCode/API - Amazon Selenium/venv/lib/python3.13/site-packages/selenium/webdriver/chrome/webdriver.py", line 46, in __init__
    super().__init__(
    ~~~~~~~~~~~~~~~~^
        browser_name=DesiredCapabilities.CHROME["browserName"],
        ^^^^^^^^^^^^^^^^^^^^^^^^^^^^^^^^^^^^^^^^^^^^^^^^^^^^^^^
    ...<3 lines>...
        keep_alive=keep_alive,
        ^^^^^^^^^^^^^^^^^^^^^^
    )
    ^
  File "/home/y/Dokumente/vsCode/API - Amazon Selenium/venv/lib/python3.13/site-packages/selenium/webdriver/chromium/webdriver.py", line 67, in __init__
    super().__init__(command_executor=executor, options=options)
    ~~~~~~~~~~~~~~~~^^^^^^^^^^^^^^^^^^^^^^^^^^^^^^^^^^^^^^^^^^^^
  File "/home/y/Dokumente/vsCode/API - Amazon Selenium/venv/lib/python3.13/site-packages/selenium/webdriver/remote/webdriver.py", line 257, in __init__
    self.start_session(capabilities)
    ~~~~~~~~~~~~~~~~~~^^^^^^^^^^^^^^
  File "/home/y/Dokumente/vsCode/API - Amazon Selenium/venv/lib/python3.13/site-packages/selenium/webdriver/remote/webdriver.py", line 352, in start_session
    response = self.execute(Command.NEW_SESSION, caps)["value"]
               ~~~~~~~~~~~~^^^^^^^^^^^^^^^^^^^^^^^^^^^
  File "/home/y/Dokumente/vsCode/API - Amazon Selenium/venv/lib/python3.13/site-packages/selenium/webdriver/remote/webdriver.py", line 432, in execute
    self.error_handler.check_response(response)
    ~~~~~~~~~~~~~~~~~~~~~~~~~~~~~~~~~^^^^^^^^^^
  File "/home/y/Dokumente/vsCode/API - Amazon Selenium/venv/lib/python3.13/site-packages/selenium/webdriver/remote/errorhandler.py", line 232, in check_response
    raise exception_class(message, screen, stacktrace)
selenium.common.exceptions.WebDriverException: Message: unknown error: Chrome failed to start: exited abnormally.
  (unknown error: DevToolsActivePort file doesn't exist)
  (The process started from chrome location /usr/bin/brave is no longer running, so ChromeDriver is assuming that Chrome has crashed.)
Stacktrace:
#0 0x55ee598db4e3 <unknown>
#1 0x55ee5960ac76 <unknown>
#2 0x55ee59633d78 <unknown>
#3 0x55ee59630029 <unknown>
#4 0x55ee5966eccc <unknown>
#5 0x55ee5966e47f <unknown>
#6 0x55ee59665de3 <unknown>
#7 0x55ee5963b2dd <unknown>
#8 0x55ee5963c34e <unknown>
#9 0x55ee5989b3e4 <unknown>
#10 0x55ee5989f3d7 <unknown>
#11 0x55ee598a9b20 <unknown>
#12 0x55ee598a0023 <unknown>
#13 0x55ee5986e1aa <unknown>
#14 0x55ee598c46b8 <unknown>
#15 0x55ee598c4847 <unknown>
#16 0x55ee598d4243 <unknown>
#17 0x7fa7552a87f6 <unknown>


2026-01-13 17:52:48 - INFO - ============================================================
2026-01-13 17:52:48 - INFO - SCHRITT 2: PDFs verarbeiten
2026-01-13 17:52:48 - INFO - ============================================================
2026-01-13 17:52:48 - INFO - Keine neuen Amazon-Rechnungen gefunden
2026-01-13 17:52:48 - WARNING - Keine neuen PDFs gefunden
2026-01-13 17:52:48 - INFO - ============================================================
2026-01-13 17:52:48 - INFO - SCHRITT 3: AufrÃ¤umen
2026-01-13 17:52:48 - INFO - ============================================================
2026-01-13 17:52:48 - INFO - âœ“ AufrÃ¤umen abgeschlossen
2026-01-13 17:52:48 - INFO - ============================================================
2026-01-13 17:52:48 - INFO - SCHRITT 4: Benachrichtigung
2026-01-13 17:52:48 - INFO - ============================================================
2026-01-13 17:52:48 - INFO - Benachrichtigungen deaktiviert
2026-01-13 17:52:48 - INFO - âœ“ Benachrichtigung gesendet
2026-01-13 17:52:48 - INFO - ============================================================
2026-01-13 17:52:48 - INFO - ZUSAMMENFASSUNG
2026-01-13 17:52:48 - INFO - ============================================================
2026-01-13 17:52:48 - INFO - Amazon Downloads:     0
2026-01-13 17:52:48 - INFO - PDFs verarbeitet:     0
2026-01-13 17:52:48 - INFO - BetrÃ¤ge erkannt:      0
2026-01-13 17:52:48 - INFO - Ohne Betrag:          0
2026-01-13 17:52:48 - INFO - Fehler:               1
2026-01-13 17:52:48 - INFO - Dauer:                13s
2026-01-13 17:52:48 - INFO - ============================================================
2026-01-13 17:52:48 - INFO - âœ“ Steuer-Automatisierung abgeschlossen
2026-01-13 17:57:00 - INFO - Steuer-Automatisierung initialisiert
2026-01-13 17:57:00 - INFO - ðŸš€ Steuer-Automatisierung gestartet
2026-01-13 17:57:00 - INFO - ============================================================
2026-01-13 17:57:00 - INFO - SCHRITT 1: Amazon Rechnungen herunterladen
2026-01-13 17:57:00 - INFO - ============================================================
2026-01-13 17:57:00 - INFO - Starte Amazon Download...
2026-01-13 17:57:10 - ERROR - Amazon Download fehlgeschlagen: Traceback (most recent call last):
  File "/home/y/Dokumente/vsCode/API - Amazon Selenium/v7/files/amazon_invoice_downloader.py", line 295, in <module>
    main()
    ~~~~^^
  File "/home/y/Dokumente/vsCode/API - Amazon Selenium/v7/files/amazon_invoice_downloader.py", line 292, in main
    downloader.download_all(year=args.year)
    ~~~~~~~~~~~~~~~~~~~~~~~^^^^^^^^^^^^^^^^
  File "/home/y/Dokumente/vsCode/API - Amazon Selenium/v7/files/amazon_invoice_downloader.py", line 202, in download_all
    self.setup_driver()
    ~~~~~~~~~~~~~~~~~^^
  File "/home/y/Dokumente/vsCode/API - Amazon Selenium/v7/files/amazon_invoice_downloader.py", line 72, in setup_driver
    self.driver = webdriver.Chrome(service=service, options=options)
                  ~~~~~~~~~~~~~~~~^^^^^^^^^^^^^^^^^^^^^^^^^^^^^^^^^^
  File "/home/y/Dokumente/vsCode/API - Amazon Selenium/venv/lib/python3.13/site-packages/selenium/webdriver/chrome/webdriver.py", line 46, in __init__
    super().__init__(
    ~~~~~~~~~~~~~~~~^
        browser_name=DesiredCapabilities.CHROME["browserName"],
        ^^^^^^^^^^^^^^^^^^^^^^^^^^^^^^^^^^^^^^^^^^^^^^^^^^^^^^^
    ...<3 lines>...
        keep_alive=keep_alive,
        ^^^^^^^^^^^^^^^^^^^^^^
    )
    ^
  File "/home/y/Dokumente/vsCode/API - Amazon Selenium/venv/lib/python3.13/site-packages/selenium/webdriver/chromium/webdriver.py", line 67, in __init__
    super().__init__(command_executor=executor, options=options)
    ~~~~~~~~~~~~~~~~^^^^^^^^^^^^^^^^^^^^^^^^^^^^^^^^^^^^^^^^^^^^
  File "/home/y/Dokumente/vsCode/API - Amazon Selenium/venv/lib/python3.13/site-packages/selenium/webdriver/remote/webdriver.py", line 257, in __init__
    self.start_session(capabilities)
    ~~~~~~~~~~~~~~~~~~^^^^^^^^^^^^^^
  File "/home/y/Dokumente/vsCode/API - Amazon Selenium/venv/lib/python3.13/site-packages/selenium/webdriver/remote/webdriver.py", line 352, in start_session
    response = self.execute(Command.NEW_SESSION, caps)["value"]
               ~~~~~~~~~~~~^^^^^^^^^^^^^^^^^^^^^^^^^^^
  File "/home/y/Dokumente/vsCode/API - Amazon Selenium/venv/lib/python3.13/site-packages/selenium/webdriver/remote/webdriver.py", line 432, in execute
    self.error_handler.check_response(response)
    ~~~~~~~~~~~~~~~~~~~~~~~~~~~~~~~~~^^^^^^^^^^
  File "/home/y/Dokumente/vsCode/API - Amazon Selenium/venv/lib/python3.13/site-packages/selenium/webdriver/remote/errorhandler.py", line 232, in check_response
    raise exception_class(message, screen, stacktrace)
selenium.common.exceptions.WebDriverException: Message: unknown error: Chrome failed to start: exited abnormally.
  (unknown error: DevToolsActivePort file doesn't exist)
  (The process started from chrome location /usr/bin/chromium is no longer running, so ChromeDriver is assuming that Chrome has crashed.)
Stacktrace:
#0 0x557e14c5f4e3 <unknown>
#1 0x557e1498ec76 <unknown>
#2 0x557e149b7d78 <unknown>
#3 0x557e149b4029 <unknown>
#4 0x557e149f2ccc <unknown>
#5 0x557e149f247f <unknown>
#6 0x557e149e9de3 <unknown>
#7 0x557e149bf2dd <unknown>
#8 0x557e149c034e <unknown>
#9 0x557e14c1f3e4 <unknown>
#10 0x557e14c233d7 <unknown>
#11 0x557e14c2db20 <unknown>
#12 0x557e14c24023 <unknown>
#13 0x557e14bf21aa <unknown>
#14 0x557e14c486b8 <unknown>
#15 0x557e14c48847 <unknown>
#16 0x557e14c58243 <unknown>
#17 0x7fd6dc4a87f6 <unknown>


2026-01-13 17:57:10 - ERROR - Amazon Download Fehler: Amazon Download fehlgeschlagen: Traceback (most recent call last):
  File "/home/y/Dokumente/vsCode/API - Amazon Selenium/v7/files/amazon_invoice_downloader.py", line 295, in <module>
    main()
    ~~~~^^
  File "/home/y/Dokumente/vsCode/API - Amazon Selenium/v7/files/amazon_invoice_downloader.py", line 292, in main
    downloader.download_all(year=args.year)
    ~~~~~~~~~~~~~~~~~~~~~~~^^^^^^^^^^^^^^^^
  File "/home/y/Dokumente/vsCode/API - Amazon Selenium/v7/files/amazon_invoice_downloader.py", line 202, in download_all
    self.setup_driver()
    ~~~~~~~~~~~~~~~~~^^
  File "/home/y/Dokumente/vsCode/API - Amazon Selenium/v7/files/amazon_invoice_downloader.py", line 72, in setup_driver
    self.driver = webdriver.Chrome(service=service, options=options)
                  ~~~~~~~~~~~~~~~~^^^^^^^^^^^^^^^^^^^^^^^^^^^^^^^^^^
  File "/home/y/Dokumente/vsCode/API - Amazon Selenium/venv/lib/python3.13/site-packages/selenium/webdriver/chrome/webdriver.py", line 46, in __init__
    super().__init__(
    ~~~~~~~~~~~~~~~~^
        browser_name=DesiredCapabilities.CHROME["browserName"],
        ^^^^^^^^^^^^^^^^^^^^^^^^^^^^^^^^^^^^^^^^^^^^^^^^^^^^^^^
    ...<3 lines>...
        keep_alive=keep_alive,
        ^^^^^^^^^^^^^^^^^^^^^^
    )
    ^
  File "/home/y/Dokumente/vsCode/API - Amazon Selenium/venv/lib/python3.13/site-packages/selenium/webdriver/chromium/webdriver.py", line 67, in __init__
    super().__init__(command_executor=executor, options=options)
    ~~~~~~~~~~~~~~~~^^^^^^^^^^^^^^^^^^^^^^^^^^^^^^^^^^^^^^^^^^^^
  File "/home/y/Dokumente/vsCode/API - Amazon Selenium/venv/lib/python3.13/site-packages/selenium/webdriver/remote/webdriver.py", line 257, in __init__
    self.start_session(capabilities)
    ~~~~~~~~~~~~~~~~~~^^^^^^^^^^^^^^
  File "/home/y/Dokumente/vsCode/API - Amazon Selenium/venv/lib/python3.13/site-packages/selenium/webdriver/remote/webdriver.py", line 352, in start_session
    response = self.execute(Command.NEW_SESSION, caps)["value"]
               ~~~~~~~~~~~~^^^^^^^^^^^^^^^^^^^^^^^^^^^
  File "/home/y/Dokumente/vsCode/API - Amazon Selenium/venv/lib/python3.13/site-packages/selenium/webdriver/remote/webdriver.py", line 432, in execute
    self.error_handler.check_response(response)
    ~~~~~~~~~~~~~~~~~~~~~~~~~~~~~~~~~^^^^^^^^^^
  File "/home/y/Dokumente/vsCode/API - Amazon Selenium/venv/lib/python3.13/site-packages/selenium/webdriver/remote/errorhandler.py", line 232, in check_response
    raise exception_class(message, screen, stacktrace)
selenium.common.exceptions.WebDriverException: Message: unknown error: Chrome failed to start: exited abnormally.
  (unknown error: DevToolsActivePort file doesn't exist)
  (The process started from chrome location /usr/bin/chromium is no longer running, so ChromeDriver is assuming that Chrome has crashed.)
Stacktrace:
#0 0x557e14c5f4e3 <unknown>
#1 0x557e1498ec76 <unknown>
#2 0x557e149b7d78 <unknown>
#3 0x557e149b4029 <unknown>
#4 0x557e149f2ccc <unknown>
#5 0x557e149f247f <unknown>
#6 0x557e149e9de3 <unknown>
#7 0x557e149bf2dd <unknown>
#8 0x557e149c034e <unknown>
#9 0x557e14c1f3e4 <unknown>
#10 0x557e14c233d7 <unknown>
#11 0x557e14c2db20 <unknown>
#12 0x557e14c24023 <unknown>
#13 0x557e14bf21aa <unknown>
#14 0x557e14c486b8 <unknown>
#15 0x557e14c48847 <unknown>
#16 0x557e14c58243 <unknown>
#17 0x7fd6dc4a87f6 <unknown>


2026-01-13 17:57:10 - ERROR - âœ— Amazon Download fehlgeschlagen: Amazon Download fehlgeschlagen: Traceback (most recent call last):
  File "/home/y/Dokumente/vsCode/API - Amazon Selenium/v7/files/amazon_invoice_downloader.py", line 295, in <module>
    main()
    ~~~~^^
  File "/home/y/Dokumente/vsCode/API - Amazon Selenium/v7/files/amazon_invoice_downloader.py", line 292, in main
    downloader.download_all(year=args.year)
    ~~~~~~~~~~~~~~~~~~~~~~~^^^^^^^^^^^^^^^^
  File "/home/y/Dokumente/vsCode/API - Amazon Selenium/v7/files/amazon_invoice_downloader.py", line 202, in download_all
    self.setup_driver()
    ~~~~~~~~~~~~~~~~~^^
  File "/home/y/Dokumente/vsCode/API - Amazon Selenium/v7/files/amazon_invoice_downloader.py", line 72, in setup_driver
    self.driver = webdriver.Chrome(service=service, options=options)
                  ~~~~~~~~~~~~~~~~^^^^^^^^^^^^^^^^^^^^^^^^^^^^^^^^^^
  File "/home/y/Dokumente/vsCode/API - Amazon Selenium/venv/lib/python3.13/site-packages/selenium/webdriver/chrome/webdriver.py", line 46, in __init__
    super().__init__(
    ~~~~~~~~~~~~~~~~^
        browser_name=DesiredCapabilities.CHROME["browserName"],
        ^^^^^^^^^^^^^^^^^^^^^^^^^^^^^^^^^^^^^^^^^^^^^^^^^^^^^^^
    ...<3 lines>...
        keep_alive=keep_alive,
        ^^^^^^^^^^^^^^^^^^^^^^
    )
    ^
  File "/home/y/Dokumente/vsCode/API - Amazon Selenium/venv/lib/python3.13/site-packages/selenium/webdriver/chromium/webdriver.py", line 67, in __init__
    super().__init__(command_executor=executor, options=options)
    ~~~~~~~~~~~~~~~~^^^^^^^^^^^^^^^^^^^^^^^^^^^^^^^^^^^^^^^^^^^^
  File "/home/y/Dokumente/vsCode/API - Amazon Selenium/venv/lib/python3.13/site-packages/selenium/webdriver/remote/webdriver.py", line 257, in __init__
    self.start_session(capabilities)
    ~~~~~~~~~~~~~~~~~~^^^^^^^^^^^^^^
  File "/home/y/Dokumente/vsCode/API - Amazon Selenium/venv/lib/python3.13/site-packages/selenium/webdriver/remote/webdriver.py", line 352, in start_session
    response = self.execute(Command.NEW_SESSION, caps)["value"]
               ~~~~~~~~~~~~^^^^^^^^^^^^^^^^^^^^^^^^^^^
  File "/home/y/Dokumente/vsCode/API - Amazon Selenium/venv/lib/python3.13/site-packages/selenium/webdriver/remote/webdriver.py", line 432, in execute
    self.error_handler.check_response(response)
    ~~~~~~~~~~~~~~~~~~~~~~~~~~~~~~~~~^^^^^^^^^^
  File "/home/y/Dokumente/vsCode/API - Amazon Selenium/venv/lib/python3.13/site-packages/selenium/webdriver/remote/errorhandler.py", line 232, in check_response
    raise exception_class(message, screen, stacktrace)
selenium.common.exceptions.WebDriverException: Message: unknown error: Chrome failed to start: exited abnormally.
  (unknown error: DevToolsActivePort file doesn't exist)
  (The process started from chrome location /usr/bin/chromium is no longer running, so ChromeDriver is assuming that Chrome has crashed.)
Stacktrace:
#0 0x557e14c5f4e3 <unknown>
#1 0x557e1498ec76 <unknown>
#2 0x557e149b7d78 <unknown>
#3 0x557e149b4029 <unknown>
#4 0x557e149f2ccc <unknown>
#5 0x557e149f247f <unknown>
#6 0x557e149e9de3 <unknown>
#7 0x557e149bf2dd <unknown>
#8 0x557e149c034e <unknown>
#9 0x557e14c1f3e4 <unknown>
#10 0x557e14c233d7 <unknown>
#11 0x557e14c2db20 <unknown>
#12 0x557e14c24023 <unknown>
#13 0x557e14bf21aa <unknown>
#14 0x557e14c486b8 <unknown>
#15 0x557e14c48847 <unknown>
#16 0x557e14c58243 <unknown>
#17 0x7fd6dc4a87f6 <unknown>


2026-01-13 17:57:10 - INFO - ============================================================
2026-01-13 17:57:10 - INFO - SCHRITT 2: PDFs verarbeiten
2026-01-13 17:57:10 - INFO - ============================================================
2026-01-13 17:57:10 - INFO - Keine neuen Amazon-Rechnungen gefunden
2026-01-13 17:57:10 - WARNING - Keine neuen PDFs gefunden
2026-01-13 17:57:10 - INFO - ============================================================
2026-01-13 17:57:10 - INFO - SCHRITT 3: AufrÃ¤umen
2026-01-13 17:57:10 - INFO - ============================================================
2026-01-13 17:57:10 - INFO - âœ“ AufrÃ¤umen abgeschlossen
2026-01-13 17:57:10 - INFO - ============================================================
2026-01-13 17:57:10 - INFO - SCHRITT 4: Benachrichtigung
2026-01-13 17:57:10 - INFO - ============================================================
2026-01-13 17:57:10 - INFO - Benachrichtigungen deaktiviert
2026-01-13 17:57:10 - INFO - âœ“ Benachrichtigung gesendet
2026-01-13 17:57:10 - INFO - ============================================================
2026-01-13 17:57:10 - INFO - ZUSAMMENFASSUNG
2026-01-13 17:57:10 - INFO - ============================================================
2026-01-13 17:57:10 - INFO - Amazon Downloads:     0
2026-01-13 17:57:10 - INFO - PDFs verarbeitet:     0
2026-01-13 17:57:10 - INFO - BetrÃ¤ge erkannt:      0
2026-01-13 17:57:10 - INFO - Ohne Betrag:          0
2026-01-13 17:57:10 - INFO - Fehler:               1
2026-01-13 17:57:10 - INFO - Dauer:                9s
2026-01-13 17:57:10 - INFO - ============================================================
2026-01-13 17:57:10 - INFO - âœ“ Steuer-Automatisierung abgeschlossen
